# JRE version: OpenJDK Runtime Environment (17.0.9) (build 17.0.9+0--11185874)
# Java VM: OpenJDK 64-Bit Server VM (17.0.9+0--11185874, mixed mode, tiered, compressed oops, compressed class ptrs, g1 gc, windows-amd64)
GC Precious Log:
 CPUs: 8 total, 8 available
 Memory: 16167M
 Large Page Support: Disabled
 NUMA Support: Disabled
 Compressed Oops: Enabled (32-bit)
 Heap Region Size: 1M
 Heap Min Capacity: 8M
 Heap Initial Capacity: 254M
 Heap Max Capacity: 2G
 Pre-touch: Disabled
 Parallel Workers: 8
 Concurrent Workers: 2
 Concurrent Refinement Workers: 8
 Periodic GC: Disabled
Heap:
 garbage-first heap   total 406528K, used 283029K [0x0000000080000000, 0x0000000100000000)
  region size 1024K, 37 young (37888K), 11 survivors (11264K)
 Metaspace       used 112997K, committed 113728K, reserved 1179648K
  class space    used 15873K, committed 16256K, reserved 1048576K
GC Heap History (20 events):
Event: 15.394 GC heap before
{Heap before GC invocations=34 (full 0):
 garbage-first heap   total 288768K, used 228854K [0x0000000080000000, 0x0000000100000000)
  region size 1024K, 137 young (140288K), 1 survivors (1024K)
 Metaspace       used 100609K, committed 101312K, reserved 1179648K
  class space    used 14128K, committed 14464K, reserved 1048576K
}
Event: 15.406 GC heap after
{Heap after GC invocations=35 (full 0):
 garbage-first heap   total 288768K, used 101467K [0x0000000080000000, 0x0000000100000000)
  region size 1024K, 13 young (13312K), 13 survivors (13312K)
 Metaspace       used 100609K, committed 101312K, reserved 1179648K
  class space    used 14128K, committed 14464K, reserved 1048576K
}
Event: 16.174 GC heap before
{Heap before GC invocations=36 (full 0):
 garbage-first heap   total 288768K, used 226395K [0x0000000080000000, 0x0000000100000000)
  region size 1024K, 136 young (139264K), 13 survivors (13312K)
 Metaspace       used 101376K, committed 102080K, reserved 1179648K
  class space    used 14181K, committed 14528K, reserved 1048576K
}
Event: 16.189 GC heap after
{Heap after GC invocations=37 (full 0):
 garbage-first heap   total 288768K, used 109521K [0x0000000080000000, 0x0000000100000000)
  region size 1024K, 10 young (10240K), 10 survivors (10240K)
 Metaspace       used 101376K, committed 102080K, reserved 1179648K
  class space    used 14181K, committed 14528K, reserved 1048576K
}
Event: 16.216 GC heap before
{Heap before GC invocations=37 (full 0):
 garbage-first heap   total 288768K, used 112593K [0x0000000080000000, 0x0000000100000000)
  region size 1024K, 14 young (14336K), 10 survivors (10240K)
 Metaspace       used 101385K, committed 102080K, reserved 1179648K
  class space    used 14181K, committed 14528K, reserved 1048576K
}
Event: 16.223 GC heap after
{Heap after GC invocations=38 (full 0):
 garbage-first heap   total 288768K, used 109221K [0x0000000080000000, 0x0000000100000000)
  region size 1024K, 2 young (2048K), 2 survivors (2048K)
 Metaspace       used 101385K, committed 102080K, reserved 1179648K
  class space    used 14181K, committed 14528K, reserved 1048576K
}
Event: 16.296 GC heap before
{Heap before GC invocations=38 (full 0):
 garbage-first heap   total 288768K, used 122533K [0x0000000080000000, 0x0000000100000000)
  region size 1024K, 17 young (17408K), 2 survivors (2048K)
 Metaspace       used 101524K, committed 102272K, reserved 1179648K
  class space    used 14207K, committed 14592K, reserved 1048576K
}
Event: 16.302 GC heap after
{Heap after GC invocations=39 (full 0):
 garbage-first heap   total 577536K, used 110148K [0x0000000080000000, 0x0000000100000000)
  region size 1024K, 3 young (3072K), 3 survivors (3072K)
 Metaspace       used 101524K, committed 102272K, reserved 1179648K
  class space    used 14207K, committed 14592K, reserved 1048576K
}
Event: 18.337 GC heap before
{Heap before GC invocations=40 (full 0):
 garbage-first heap   total 406528K, used 375364K [0x0000000080000000, 0x0000000100000000)
  region size 1024K, 230 young (235520K), 3 survivors (3072K)
 Metaspace       used 109625K, committed 110400K, reserved 1179648K
  class space    used 15193K, committed 15616K, reserved 1048576K
}
Event: 18.351 GC heap after
{Heap after GC invocations=41 (full 0):
 garbage-first heap   total 406528K, used 155871K [0x0000000080000000, 0x0000000100000000)
  region size 1024K, 26 young (26624K), 26 survivors (26624K)
 Metaspace       used 109625K, committed 110400K, reserved 1179648K
  class space    used 15193K, committed 15616K, reserved 1048576K
}
Event: 18.353 GC heap before
{Heap before GC invocations=41 (full 0):
 garbage-first heap   total 406528K, used 160991K [0x0000000080000000, 0x0000000100000000)
  region size 1024K, 27 young (27648K), 26 survivors (26624K)
 Metaspace       used 109625K, committed 110400K, reserved 1179648K
  class space    used 15193K, committed 15616K, reserved 1048576K
}
Event: 18.365 GC heap after
{Heap after GC invocations=42 (full 0):
 garbage-first heap   total 406528K, used 158279K [0x0000000080000000, 0x0000000100000000)
  region size 1024K, 1 young (1024K), 1 survivors (1024K)
 Metaspace       used 109625K, committed 110400K, reserved 1179648K
  class space    used 15193K, committed 15616K, reserved 1048576K
}
Event: 18.366 GC heap before
{Heap before GC invocations=42 (full 0):
 garbage-first heap   total 406528K, used 158279K [0x0000000080000000, 0x0000000100000000)
  region size 1024K, 2 young (2048K), 1 survivors (1024K)
 Metaspace       used 109625K, committed 110400K, reserved 1179648K
  class space    used 15193K, committed 15616K, reserved 1048576K
}
Event: 18.368 GC heap after
{Heap after GC invocations=43 (full 0):
 garbage-first heap   total 406528K, used 158602K [0x0000000080000000, 0x0000000100000000)
  region size 1024K, 2 young (2048K), 2 survivors (2048K)
 Metaspace       used 109625K, committed 110400K, reserved 1179648K
  class space    used 15193K, committed 15616K, reserved 1048576K
}
Event: 19.414 GC heap before
{Heap before GC invocations=44 (full 0):
 garbage-first heap   total 406528K, used 310154K [0x0000000080000000, 0x0000000100000000)
  region size 1024K, 124 young (126976K), 2 survivors (2048K)
 Metaspace       used 112670K, committed 113408K, reserved 1179648K
  class space    used 15842K, committed 16192K, reserved 1048576K
}
Event: 19.463 GC heap after
{Heap after GC invocations=45 (full 0):
 garbage-first heap   total 406528K, used 216005K [0x0000000080000000, 0x0000000100000000)
  region size 1024K, 16 young (16384K), 16 survivors (16384K)
 Metaspace       used 112670K, committed 113408K, reserved 1179648K
  class space    used 15842K, committed 16192K, reserved 1048576K
}
Event: 19.489 GC heap before
{Heap before GC invocations=45 (full 0):
 garbage-first heap   total 406528K, used 219077K [0x0000000080000000, 0x0000000100000000)
  region size 1024K, 19 young (19456K), 16 survivors (16384K)
 Metaspace       used 112684K, committed 113408K, reserved 1179648K
  class space    used 15843K, committed 16192K, reserved 1048576K
}
Event: 19.517 GC heap after
{Heap after GC invocations=46 (full 0):
 garbage-first heap   total 406528K, used 218492K [0x0000000080000000, 0x0000000100000000)
  region size 1024K, 2 young (2048K), 2 survivors (2048K)
 Metaspace       used 112684K, committed 113408K, reserved 1179648K
  class space    used 15843K, committed 16192K, reserved 1048576K
}
Event: 19.776 GC heap before
{Heap before GC invocations=46 (full 0):
 garbage-first heap   total 406528K, used 299388K [0x0000000080000000, 0x0000000100000000)
  region size 1024K, 82 young (83968K), 2 survivors (2048K)
 Metaspace       used 112974K, committed 113728K, reserved 1179648K
  class space    used 15872K, committed 16256K, reserved 1048576K
}
Event: 19.806 GC heap after
{Heap after GC invocations=47 (full 0):
 garbage-first heap   total 406528K, used 258453K [0x0000000080000000, 0x0000000100000000)
  region size 1024K, 11 young (11264K), 11 survivors (11264K)
 Metaspace       used 112974K, committed 113728K, reserved 1179648K
  class space    used 15872K, committed 16256K, reserved 1048576K
}

