# JRE version: OpenJDK Runtime Environment (17.0.9) (build 17.0.9+0--11185874)
# Java VM: OpenJDK 64-Bit Server VM (17.0.9+0--11185874, mixed mode, tiered, compressed oops, compressed class ptrs, g1 gc, windows-amd64)
GC Precious Log:
 CPUs: 8 total, 8 available
 Memory: 16167M
 Large Page Support: Disabled
 NUMA Support: Disabled
 Compressed Oops: Enabled (Zero based)
 Heap Region Size: 2M
 Heap Min Capacity: 8M
 Heap Initial Capacity: 254M
 Heap Max Capacity: 4042M
 Pre-touch: Disabled
 Parallel Workers: 8
 Concurrent Workers: 2
 Concurrent Refinement Workers: 8
 Periodic GC: Disabled
Heap:
 garbage-first heap   total 149504K, used 114467K [0x0000000703600000, 0x0000000800000000)
  region size 2048K, 22 young (45056K), 3 survivors (6144K)
 Metaspace       used 69196K, committed 69504K, reserved 1114112K
  class space    used 7926K, committed 8064K, reserved 1048576K
GC Heap History (20 events):
Event: 4.766 GC heap before
{Heap before GC invocations=12 (full 0):
 garbage-first heap   total 75776K, used 55674K [0x0000000703600000, 0x0000000800000000)
  region size 2048K, 14 young (28672K), 2 survivors (4096K)
 Metaspace       used 54994K, committed 55232K, reserved 1114112K
  class space    used 6613K, committed 6720K, reserved 1048576K
}
Event: 4.778 GC heap after
{Heap after GC invocations=13 (full 0):
 garbage-first heap   total 92160K, used 34896K [0x0000000703600000, 0x0000000800000000)
  region size 2048K, 2 young (4096K), 2 survivors (4096K)
 Metaspace       used 54994K, committed 55232K, reserved 1114112K
  class space    used 6613K, committed 6720K, reserved 1048576K
}
Event: 5.528 GC heap before
{Heap before GC invocations=13 (full 0):
 garbage-first heap   total 92160K, used 65616K [0x0000000703600000, 0x0000000800000000)
  region size 2048K, 17 young (34816K), 2 survivors (4096K)
 Metaspace       used 57288K, committed 57536K, reserved 1114112K
  class space    used 6789K, committed 6912K, reserved 1048576K
}
Event: 5.542 GC heap after
{Heap after GC invocations=14 (full 0):
 garbage-first heap   total 92160K, used 42056K [0x0000000703600000, 0x0000000800000000)
  region size 2048K, 3 young (6144K), 3 survivors (6144K)
 Metaspace       used 57288K, committed 57536K, reserved 1114112K
  class space    used 6789K, committed 6912K, reserved 1048576K
}
Event: 5.934 GC heap before
{Heap before GC invocations=14 (full 0):
 garbage-first heap   total 92160K, used 66632K [0x0000000703600000, 0x0000000800000000)
  region size 2048K, 15 young (30720K), 3 survivors (6144K)
 Metaspace       used 57954K, committed 58240K, reserved 1114112K
  class space    used 6802K, committed 6912K, reserved 1048576K
}
Event: 5.951 GC heap after
{Heap after GC invocations=15 (full 0):
 garbage-first heap   total 92160K, used 46683K [0x0000000703600000, 0x0000000800000000)
  region size 2048K, 2 young (4096K), 2 survivors (4096K)
 Metaspace       used 57954K, committed 58240K, reserved 1114112K
  class space    used 6802K, committed 6912K, reserved 1048576K
}
Event: 6.089 GC heap before
{Heap before GC invocations=15 (full 0):
 garbage-first heap   total 92160K, used 67163K [0x0000000703600000, 0x0000000800000000)
  region size 2048K, 12 young (24576K), 2 survivors (4096K)
 Metaspace       used 58126K, committed 58368K, reserved 1114112K
  class space    used 6811K, committed 6912K, reserved 1048576K
}
Event: 6.103 GC heap after
{Heap after GC invocations=16 (full 0):
 garbage-first heap   total 92160K, used 51318K [0x0000000703600000, 0x0000000800000000)
  region size 2048K, 2 young (4096K), 2 survivors (4096K)
 Metaspace       used 58126K, committed 58368K, reserved 1114112K
  class space    used 6811K, committed 6912K, reserved 1048576K
}
Event: 6.292 GC heap before
{Heap before GC invocations=17 (full 0):
 garbage-first heap   total 100352K, used 69750K [0x0000000703600000, 0x0000000800000000)
  region size 2048K, 11 young (22528K), 2 survivors (4096K)
 Metaspace       used 58129K, committed 58368K, reserved 1114112K
  class space    used 6811K, committed 6912K, reserved 1048576K
}
Event: 6.304 GC heap after
{Heap after GC invocations=18 (full 0):
 garbage-first heap   total 100352K, used 54598K [0x0000000703600000, 0x0000000800000000)
  region size 2048K, 2 young (4096K), 2 survivors (4096K)
 Metaspace       used 58129K, committed 58368K, reserved 1114112K
  class space    used 6811K, committed 6912K, reserved 1048576K
}
Event: 6.599 GC heap before
{Heap before GC invocations=18 (full 0):
 garbage-first heap   total 100352K, used 75078K [0x0000000703600000, 0x0000000800000000)
  region size 2048K, 12 young (24576K), 2 survivors (4096K)
 Metaspace       used 58146K, committed 58368K, reserved 1114112K
  class space    used 6818K, committed 6912K, reserved 1048576K
}
Event: 6.617 GC heap after
{Heap after GC invocations=19 (full 0):
 garbage-first heap   total 149504K, used 58138K [0x0000000703600000, 0x0000000800000000)
  region size 2048K, 2 young (4096K), 2 survivors (4096K)
 Metaspace       used 58146K, committed 58368K, reserved 1114112K
  class space    used 6818K, committed 6912K, reserved 1048576K
}
Event: 6.936 GC heap before
{Heap before GC invocations=20 (full 0):
 garbage-first heap   total 149504K, used 107290K [0x0000000703600000, 0x0000000800000000)
  region size 2048K, 26 young (53248K), 2 survivors (4096K)
 Metaspace       used 58295K, committed 58496K, reserved 1114112K
  class space    used 6837K, committed 6912K, reserved 1048576K
}
Event: 6.944 GC heap after
{Heap after GC invocations=21 (full 0):
 garbage-first heap   total 149504K, used 59454K [0x0000000703600000, 0x0000000800000000)
  region size 2048K, 3 young (6144K), 3 survivors (6144K)
 Metaspace       used 58295K, committed 58496K, reserved 1114112K
  class space    used 6837K, committed 6912K, reserved 1048576K
}
Event: 8.283 GC heap before
{Heap before GC invocations=21 (full 0):
 garbage-first heap   total 149504K, used 106558K [0x0000000703600000, 0x0000000800000000)
  region size 2048K, 26 young (53248K), 3 survivors (6144K)
 Metaspace       used 63273K, committed 63552K, reserved 1114112K
  class space    used 7477K, committed 7616K, reserved 1048576K
}
Event: 8.296 GC heap after
{Heap after GC invocations=22 (full 0):
 garbage-first heap   total 149504K, used 64063K [0x0000000703600000, 0x0000000800000000)
  region size 2048K, 3 young (6144K), 3 survivors (6144K)
 Metaspace       used 63273K, committed 63552K, reserved 1114112K
  class space    used 7477K, committed 7616K, reserved 1048576K
}
Event: 9.891 GC heap before
{Heap before GC invocations=22 (full 0):
 garbage-first heap   total 149504K, used 113215K [0x0000000703600000, 0x0000000800000000)
  region size 2048K, 26 young (53248K), 3 survivors (6144K)
 Metaspace       used 67256K, committed 67584K, reserved 1114112K
  class space    used 7861K, committed 8000K, reserved 1048576K
}
Event: 9.907 GC heap after
{Heap after GC invocations=23 (full 0):
 garbage-first heap   total 149504K, used 71841K [0x0000000703600000, 0x0000000800000000)
  region size 2048K, 3 young (6144K), 3 survivors (6144K)
 Metaspace       used 67256K, committed 67584K, reserved 1114112K
  class space    used 7861K, committed 8000K, reserved 1048576K
}
Event: 11.205 GC heap before
{Heap before GC invocations=23 (full 0):
 garbage-first heap   total 149504K, used 112801K [0x0000000703600000, 0x0000000800000000)
  region size 2048K, 24 young (49152K), 3 survivors (6144K)
 Metaspace       used 68527K, committed 68864K, reserved 1114112K
  class space    used 7897K, committed 8064K, reserved 1048576K
}
Event: 11.221 GC heap after
{Heap after GC invocations=24 (full 0):
 garbage-first heap   total 149504K, used 77603K [0x0000000703600000, 0x0000000800000000)
  region size 2048K, 3 young (6144K), 3 survivors (6144K)
 Metaspace       used 68527K, committed 68864K, reserved 1114112K
  class space    used 7897K, committed 8064K, reserved 1048576K
}

