# JRE version: OpenJDK Runtime Environment (21.0.3) (build 21.0.3+-12282718-b509.11)
# Java VM: OpenJDK 64-Bit Server VM (21.0.3+-12282718-b509.11, mixed mode, tiered, compressed oops, compressed class ptrs, g1 gc, windows-amd64)
GC Precious Log:
 CardTable entry size: 512
 Card Set container configuration: InlinePtr #cards 5 size 8 Array Of Cards #cards 12 size 40 Howl #buckets 4 coarsen threshold 1843 Howl Bitmap #cards 512 size 80 coarsen threshold 460 Card regions per heap region 1 cards per card region 2048
 CPUs: 8 total, 8 available
 Memory: 16167M
 Large Page Support: Disabled
 NUMA Support: Disabled
 Compressed Oops: Enabled (32-bit)
 Heap Region Size: 1M
 Heap Min Capacity: 8M
 Heap Initial Capacity: 254M
 Heap Max Capacity: 2G
 Pre-touch: Disabled
 Parallel Workers: 8
 Concurrent Workers: 2
 Concurrent Refinement Workers: 8
 Periodic GC: Disabled
Heap:
 garbage-first heap   total 248832K, used 158949K [0x0000000080000000, 0x0000000100000000)
  region size 1024K, 7 young (7168K), 7 survivors (7168K)
 Metaspace       used 114524K, committed 116608K, reserved 1179648K
  class space    used 15609K, committed 16640K, reserved 1048576K
GC Heap History (20 events):
Event: 8.989 GC heap after
{Heap after GC invocations=27 (full 0):
 garbage-first heap   total 147456K, used 91583K [0x0000000080000000, 0x0000000100000000)
  region size 1024K, 4 young (4096K), 4 survivors (4096K)
 Metaspace       used 88271K, committed 90112K, reserved 1179648K
  class space    used 12007K, committed 12928K, reserved 1048576K
}
Event: 9.345 GC heap before
{Heap before GC invocations=28 (full 0):
 garbage-first heap   total 165888K, used 133567K [0x0000000080000000, 0x0000000100000000)
  region size 1024K, 44 young (45056K), 4 survivors (4096K)
 Metaspace       used 91310K, committed 93184K, reserved 1179648K
  class space    used 12581K, committed 13504K, reserved 1048576K
}
Event: 9.349 GC heap after
{Heap after GC invocations=29 (full 0):
 garbage-first heap   total 165888K, used 92356K [0x0000000080000000, 0x0000000100000000)
  region size 1024K, 4 young (4096K), 4 survivors (4096K)
 Metaspace       used 91310K, committed 93184K, reserved 1179648K
  class space    used 12581K, committed 13504K, reserved 1048576K
}
Event: 9.829 GC heap before
{Heap before GC invocations=29 (full 0):
 garbage-first heap   total 165888K, used 147652K [0x0000000080000000, 0x0000000100000000)
  region size 1024K, 58 young (59392K), 4 survivors (4096K)
 Metaspace       used 95338K, committed 97344K, reserved 1179648K
  class space    used 13206K, committed 14208K, reserved 1048576K
}
Event: 9.835 GC heap after
{Heap after GC invocations=30 (full 0):
 garbage-first heap   total 165888K, used 94630K [0x0000000080000000, 0x0000000100000000)
  region size 1024K, 8 young (8192K), 8 survivors (8192K)
 Metaspace       used 95338K, committed 97344K, reserved 1179648K
  class space    used 13206K, committed 14208K, reserved 1048576K
}
Event: 10.351 GC heap before
{Heap before GC invocations=30 (full 0):
 garbage-first heap   total 165888K, used 146854K [0x0000000080000000, 0x0000000100000000)
  region size 1024K, 59 young (60416K), 8 survivors (8192K)
 Metaspace       used 99407K, committed 101376K, reserved 1179648K
  class space    used 13788K, committed 14784K, reserved 1048576K
}
Event: 10.358 GC heap after
{Heap after GC invocations=31 (full 0):
 garbage-first heap   total 165888K, used 97138K [0x0000000080000000, 0x0000000100000000)
  region size 1024K, 6 young (6144K), 6 survivors (6144K)
 Metaspace       used 99407K, committed 101376K, reserved 1179648K
  class space    used 13788K, committed 14784K, reserved 1048576K
}
Event: 10.884 GC heap before
{Heap before GC invocations=32 (full 0):
 garbage-first heap   total 174080K, used 150386K [0x0000000080000000, 0x0000000100000000)
  region size 1024K, 58 young (59392K), 6 survivors (6144K)
 Metaspace       used 103996K, committed 105984K, reserved 1179648K
  class space    used 14412K, committed 15424K, reserved 1048576K
}
Event: 10.893 GC heap after
{Heap after GC invocations=33 (full 0):
 garbage-first heap   total 174080K, used 100652K [0x0000000080000000, 0x0000000100000000)
  region size 1024K, 7 young (7168K), 7 survivors (7168K)
 Metaspace       used 103996K, committed 105984K, reserved 1179648K
  class space    used 14412K, committed 15424K, reserved 1048576K
}
Event: 11.524 GC heap before
{Heap before GC invocations=33 (full 0):
 garbage-first heap   total 174080K, used 156972K [0x0000000080000000, 0x0000000100000000)
  region size 1024K, 62 young (63488K), 7 survivors (7168K)
 Metaspace       used 106998K, committed 109056K, reserved 1179648K
  class space    used 14845K, committed 15872K, reserved 1048576K
}
Event: 11.535 GC heap after
{Heap after GC invocations=34 (full 0):
 garbage-first heap   total 208896K, used 105988K [0x0000000080000000, 0x0000000100000000)
  region size 1024K, 8 young (8192K), 8 survivors (8192K)
 Metaspace       used 106998K, committed 109056K, reserved 1179648K
  class space    used 14845K, committed 15872K, reserved 1048576K
}
Event: 11.833 GC heap before
{Heap before GC invocations=34 (full 0):
 garbage-first heap   total 208896K, used 183812K [0x0000000080000000, 0x0000000100000000)
  region size 1024K, 85 young (87040K), 8 survivors (8192K)
 Metaspace       used 107436K, committed 109568K, reserved 1179648K
  class space    used 14892K, committed 15936K, reserved 1048576K
}
Event: 11.844 GC heap after
{Heap after GC invocations=35 (full 0):
 garbage-first heap   total 208896K, used 112558K [0x0000000080000000, 0x0000000100000000)
  region size 1024K, 6 young (6144K), 6 survivors (6144K)
 Metaspace       used 107436K, committed 109568K, reserved 1179648K
  class space    used 14892K, committed 15936K, reserved 1048576K
}
Event: 12.049 GC heap before
{Heap before GC invocations=35 (full 0):
 garbage-first heap   total 208896K, used 140206K [0x0000000080000000, 0x0000000100000000)
  region size 1024K, 35 young (35840K), 6 survivors (6144K)
 Metaspace       used 108310K, committed 110336K, reserved 1179648K
  class space    used 15056K, committed 16064K, reserved 1048576K
}
Event: 12.055 GC heap after
{Heap after GC invocations=36 (full 0):
 garbage-first heap   total 208896K, used 114039K [0x0000000080000000, 0x0000000100000000)
  region size 1024K, 7 young (7168K), 7 survivors (7168K)
 Metaspace       used 108310K, committed 110336K, reserved 1179648K
  class space    used 15056K, committed 16064K, reserved 1048576K
}
Event: 12.810 GC heap before
{Heap before GC invocations=37 (full 0):
 garbage-first heap   total 209920K, used 192887K [0x0000000080000000, 0x0000000100000000)
  region size 1024K, 80 young (81920K), 7 survivors (7168K)
 Metaspace       used 111164K, committed 113280K, reserved 1179648K
  class space    used 15245K, committed 16320K, reserved 1048576K
}
Event: 12.824 GC heap after
{Heap after GC invocations=38 (full 0):
 garbage-first heap   total 220160K, used 132371K [0x0000000080000000, 0x0000000100000000)
  region size 1024K, 10 young (10240K), 10 survivors (10240K)
 Metaspace       used 111164K, committed 113280K, reserved 1179648K
  class space    used 15245K, committed 16320K, reserved 1048576K
}
Event: 13.435 GC heap before
{Heap before GC invocations=38 (full 0):
 garbage-first heap   total 220160K, used 207123K [0x0000000080000000, 0x0000000100000000)
  region size 1024K, 67 young (68608K), 10 survivors (10240K)
 Metaspace       used 111777K, committed 113920K, reserved 1179648K
  class space    used 15309K, committed 16384K, reserved 1048576K
}
Event: 13.453 GC heap after
{Heap after GC invocations=39 (full 0):
 garbage-first heap   total 238592K, used 151552K [0x0000000080000000, 0x0000000100000000)
  region size 1024K, 9 young (9216K), 9 survivors (9216K)
 Metaspace       used 111777K, committed 113920K, reserved 1179648K
  class space    used 15309K, committed 16384K, reserved 1048576K
}
Event: 14.047 GC heap before
{Heap before GC invocations=39 (full 0):
 garbage-first heap   total 238592K, used 204800K [0x0000000080000000, 0x0000000100000000)
  region size 1024K, 61 young (62464K), 9 survivors (9216K)
 Metaspace       used 114524K, committed 116608K, reserved 1179648K
  class space    used 15609K, committed 16640K, reserved 1048576K
}

