# JRE version: OpenJDK Runtime Environment (21.0.3) (build 21.0.3+-12282718-b509.11)
# Java VM: OpenJDK 64-Bit Server VM (21.0.3+-12282718-b509.11, mixed mode, tiered, compressed oops, compressed class ptrs, g1 gc, windows-amd64)
GC Precious Log:
 CardTable entry size: 512
 Card Set container configuration: InlinePtr #cards 5 size 8 Array Of Cards #cards 12 size 40 Howl #buckets 4 coarsen threshold 1843 Howl Bitmap #cards 512 size 80 coarsen threshold 460 Card regions per heap region 1 cards per card region 2048
 CPUs: 8 total, 8 available
 Memory: 16167M
 Large Page Support: Disabled
 NUMA Support: Disabled
 Compressed Oops: Enabled (32-bit)
 Heap Region Size: 1M
 Heap Min Capacity: 8M
 Heap Initial Capacity: 254M
 Heap Max Capacity: 2G
 Pre-touch: Disabled
 Parallel Workers: 8
 Concurrent Workers: 2
 Concurrent Refinement Workers: 8
 Periodic GC: Disabled
Heap:
 garbage-first heap   total 292864K, used 192000K [0x0000000080000000, 0x0000000100000000)
  region size 1024K, 17 young (17408K), 11 survivors (11264K)
 Metaspace       used 118718K, committed 121024K, reserved 1179648K
  class space    used 16065K, committed 17216K, reserved 1048576K
GC Heap History (20 events):
Event: 14.800 GC heap before
{Heap before GC invocations=34 (full 0):
 garbage-first heap   total 206848K, used 184005K [0x0000000080000000, 0x0000000100000000)
  region size 1024K, 74 young (75776K), 4 survivors (4096K)
 Metaspace       used 108110K, committed 110208K, reserved 1179648K
  class space    used 14993K, committed 16064K, reserved 1048576K
}
Event: 14.810 GC heap after
{Heap after GC invocations=35 (full 0):
 garbage-first heap   total 248832K, used 115669K [0x0000000080000000, 0x0000000100000000)
  region size 1024K, 8 young (8192K), 8 survivors (8192K)
 Metaspace       used 108110K, committed 110208K, reserved 1179648K
  class space    used 14993K, committed 16064K, reserved 1048576K
}
Event: 15.322 GC heap before
{Heap before GC invocations=35 (full 0):
 garbage-first heap   total 248832K, used 223189K [0x0000000080000000, 0x0000000100000000)
  region size 1024K, 114 young (116736K), 8 survivors (8192K)
 Metaspace       used 108417K, committed 110464K, reserved 1179648K
  class space    used 15034K, committed 16064K, reserved 1048576K
}
Event: 15.330 GC heap after
{Heap after GC invocations=36 (full 0):
 garbage-first heap   total 248832K, used 119466K [0x0000000080000000, 0x0000000100000000)
  region size 1024K, 12 young (12288K), 12 survivors (12288K)
 Metaspace       used 108417K, committed 110464K, reserved 1179648K
  class space    used 15034K, committed 16064K, reserved 1048576K
}
Event: 16.350 GC heap before
{Heap before GC invocations=36 (full 0):
 garbage-first heap   total 248832K, used 220842K [0x0000000080000000, 0x0000000100000000)
  region size 1024K, 112 young (114688K), 12 survivors (12288K)
 Metaspace       used 112014K, committed 114176K, reserved 1179648K
  class space    used 15510K, committed 16576K, reserved 1048576K
}
Event: 16.362 GC heap after
{Heap after GC invocations=37 (full 0):
 garbage-first heap   total 248832K, used 124454K [0x0000000080000000, 0x0000000100000000)
  region size 1024K, 12 young (12288K), 12 survivors (12288K)
 Metaspace       used 112014K, committed 114176K, reserved 1179648K
  class space    used 15510K, committed 16576K, reserved 1048576K
}
Event: 17.482 GC heap before
{Heap before GC invocations=37 (full 0):
 garbage-first heap   total 248832K, used 221734K [0x0000000080000000, 0x0000000100000000)
  region size 1024K, 108 young (110592K), 12 survivors (12288K)
 Metaspace       used 113328K, committed 115520K, reserved 1179648K
  class space    used 15702K, committed 16832K, reserved 1048576K
}
Event: 17.495 GC heap after
{Heap after GC invocations=38 (full 0):
 garbage-first heap   total 248832K, used 127409K [0x0000000080000000, 0x0000000100000000)
  region size 1024K, 6 young (6144K), 6 survivors (6144K)
 Metaspace       used 113328K, committed 115520K, reserved 1179648K
  class space    used 15702K, committed 16832K, reserved 1048576K
}
Event: 23.128 GC heap before
{Heap before GC invocations=39 (full 0):
 garbage-first heap   total 248832K, used 227761K [0x0000000080000000, 0x0000000100000000)
  region size 1024K, 104 young (106496K), 6 survivors (6144K)
 Metaspace       used 114219K, committed 116480K, reserved 1179648K
  class space    used 15762K, committed 16896K, reserved 1048576K
}
Event: 23.141 GC heap after
{Heap after GC invocations=40 (full 0):
 garbage-first heap   total 248832K, used 138789K [0x0000000080000000, 0x0000000100000000)
  region size 1024K, 13 young (13312K), 13 survivors (13312K)
 Metaspace       used 114219K, committed 116480K, reserved 1179648K
  class space    used 15762K, committed 16896K, reserved 1048576K
}
Event: 24.567 GC heap before
{Heap before GC invocations=40 (full 0):
 garbage-first heap   total 248832K, used 220709K [0x0000000080000000, 0x0000000100000000)
  region size 1024K, 94 young (96256K), 13 survivors (13312K)
 Metaspace       used 114414K, committed 116608K, reserved 1179648K
  class space    used 15764K, committed 16896K, reserved 1048576K
}
Event: 24.585 GC heap after
{Heap after GC invocations=41 (full 0):
 garbage-first heap   total 248832K, used 140528K [0x0000000080000000, 0x0000000100000000)
  region size 1024K, 5 young (5120K), 5 survivors (5120K)
 Metaspace       used 114414K, committed 116608K, reserved 1179648K
  class space    used 15764K, committed 16896K, reserved 1048576K
}
Event: 40.108 GC heap before
{Heap before GC invocations=41 (full 0):
 garbage-first heap   total 248832K, used 226544K [0x0000000080000000, 0x0000000100000000)
  region size 1024K, 89 young (91136K), 5 survivors (5120K)
 Metaspace       used 114780K, committed 116992K, reserved 1179648K
  class space    used 15774K, committed 16896K, reserved 1048576K
}
Event: 40.114 GC heap after
{Heap after GC invocations=42 (full 0):
 garbage-first heap   total 248832K, used 141257K [0x0000000080000000, 0x0000000100000000)
  region size 1024K, 5 young (5120K), 5 survivors (5120K)
 Metaspace       used 114780K, committed 116992K, reserved 1179648K
  class space    used 15774K, committed 16896K, reserved 1048576K
}
Event: 40.902 GC heap before
{Heap before GC invocations=43 (full 0):
 garbage-first heap   total 248832K, used 233417K [0x0000000080000000, 0x0000000100000000)
  region size 1024K, 91 young (93184K), 5 survivors (5120K)
 Metaspace       used 116582K, committed 118784K, reserved 1179648K
  class space    used 15885K, committed 17024K, reserved 1048576K
}
Event: 40.919 GC heap after
{Heap after GC invocations=44 (full 0):
 garbage-first heap   total 249856K, used 151280K [0x0000000080000000, 0x0000000100000000)
  region size 1024K, 12 young (12288K), 12 survivors (12288K)
 Metaspace       used 116582K, committed 118784K, reserved 1179648K
  class space    used 15885K, committed 17024K, reserved 1048576K
}
Event: 42.074 GC heap before
{Heap before GC invocations=44 (full 0):
 garbage-first heap   total 249856K, used 232176K [0x0000000080000000, 0x0000000100000000)
  region size 1024K, 83 young (84992K), 12 survivors (12288K)
 Metaspace       used 118151K, committed 120384K, reserved 1179648K
  class space    used 16007K, committed 17152K, reserved 1048576K
}
Event: 42.112 GC heap after
{Heap after GC invocations=45 (full 0):
 garbage-first heap   total 278528K, used 165233K [0x0000000080000000, 0x0000000100000000)
  region size 1024K, 11 young (11264K), 11 survivors (11264K)
 Metaspace       used 118151K, committed 120384K, reserved 1179648K
  class space    used 16007K, committed 17152K, reserved 1048576K
}
Event: 42.645 GC heap before
{Heap before GC invocations=45 (full 0):
 garbage-first heap   total 278528K, used 214385K [0x0000000080000000, 0x0000000100000000)
  region size 1024K, 61 young (62464K), 11 survivors (11264K)
 Metaspace       used 118614K, committed 120896K, reserved 1179648K
  class space    used 16054K, committed 17216K, reserved 1048576K
}
Event: 42.661 GC heap after
{Heap after GC invocations=46 (full 0):
 garbage-first heap   total 278528K, used 182784K [0x0000000080000000, 0x0000000100000000)
  region size 1024K, 11 young (11264K), 11 survivors (11264K)
 Metaspace       used 118614K, committed 120896K, reserved 1179648K
  class space    used 16054K, committed 17216K, reserved 1048576K
}

