# JRE version: OpenJDK Runtime Environment (17.0.9) (build 17.0.9+0--11185874)
# Java VM: OpenJDK 64-Bit Server VM (17.0.9+0--11185874, mixed mode, tiered, compressed oops, compressed class ptrs, g1 gc, windows-amd64)
GC Precious Log:
 CPUs: 8 total, 8 available
 Memory: 16167M
 Large Page Support: Disabled
 NUMA Support: Disabled
 Compressed Oops: Enabled (32-bit)
 Heap Region Size: 1M
 Heap Min Capacity: 8M
 Heap Initial Capacity: 254M
 Heap Max Capacity: 2G
 Pre-touch: Disabled
 Parallel Workers: 8
 Concurrent Workers: 2
 Concurrent Refinement Workers: 8
 Periodic GC: Disabled
Heap:
 garbage-first heap   total 150528K, used 102079K [0x0000000080000000, 0x0000000100000000)
  region size 1024K, 35 young (35840K), 1 survivors (1024K)
 Metaspace       used 71868K, committed 72512K, reserved 1114112K
  class space    used 9747K, committed 10048K, reserved 1048576K
GC Heap History (20 events):
Event: 10.917 GC heap before
{Heap before GC invocations=14 (full 0):
 garbage-first heap   total 99328K, used 84918K [0x0000000080000000, 0x0000000100000000)
  region size 1024K, 42 young (43008K), 6 survivors (6144K)
 Metaspace       used 56396K, committed 57024K, reserved 1114112K
  class space    used 7712K, committed 8000K, reserved 1048576K
}
Event: 10.926 GC heap after
{Heap after GC invocations=15 (full 0):
 garbage-first heap   total 102400K, used 58368K [0x0000000080000000, 0x0000000100000000)
  region size 1024K, 6 young (6144K), 6 survivors (6144K)
 Metaspace       used 56396K, committed 57024K, reserved 1114112K
  class space    used 7712K, committed 8000K, reserved 1048576K
}
Event: 11.158 GC heap before
{Heap before GC invocations=16 (full 0):
 garbage-first heap   total 102400K, used 74752K [0x0000000080000000, 0x0000000100000000)
  region size 1024K, 22 young (22528K), 6 survivors (6144K)
 Metaspace       used 57502K, committed 58112K, reserved 1114112K
  class space    used 7866K, committed 8128K, reserved 1048576K
}
Event: 11.161 GC heap after
{Heap after GC invocations=17 (full 0):
 garbage-first heap   total 102400K, used 61100K [0x0000000080000000, 0x0000000100000000)
  region size 1024K, 2 young (2048K), 2 survivors (2048K)
 Metaspace       used 57502K, committed 58112K, reserved 1114112K
  class space    used 7866K, committed 8128K, reserved 1048576K
}
Event: 11.601 GC heap before
{Heap before GC invocations=18 (full 0):
 garbage-first heap   total 111616K, used 80556K [0x0000000080000000, 0x0000000100000000)
  region size 1024K, 20 young (20480K), 2 survivors (2048K)
 Metaspace       used 58916K, committed 59520K, reserved 1114112K
  class space    used 8068K, committed 8384K, reserved 1048576K
}
Event: 11.605 GC heap after
{Heap after GC invocations=19 (full 0):
 garbage-first heap   total 111616K, used 62442K [0x0000000080000000, 0x0000000100000000)
  region size 1024K, 2 young (2048K), 2 survivors (2048K)
 Metaspace       used 58916K, committed 59520K, reserved 1114112K
  class space    used 8068K, committed 8384K, reserved 1048576K
}
Event: 11.692 GC heap before
{Heap before GC invocations=19 (full 0):
 garbage-first heap   total 111616K, used 65514K [0x0000000080000000, 0x0000000100000000)
  region size 1024K, 5 young (5120K), 2 survivors (2048K)
 Metaspace       used 59168K, committed 59776K, reserved 1114112K
  class space    used 8104K, committed 8384K, reserved 1048576K
}
Event: 11.694 GC heap after
{Heap after GC invocations=20 (full 0):
 garbage-first heap   total 111616K, used 62037K [0x0000000080000000, 0x0000000100000000)
  region size 1024K, 1 young (1024K), 1 survivors (1024K)
 Metaspace       used 59168K, committed 59776K, reserved 1114112K
  class space    used 8104K, committed 8384K, reserved 1048576K
}
Event: 12.069 GC heap before
{Heap before GC invocations=20 (full 0):
 garbage-first heap   total 111616K, used 85589K [0x0000000080000000, 0x0000000100000000)
  region size 1024K, 25 young (25600K), 1 survivors (1024K)
 Metaspace       used 61598K, committed 62208K, reserved 1114112K
  class space    used 8374K, committed 8640K, reserved 1048576K
}
Event: 12.071 GC heap after
{Heap after GC invocations=21 (full 0):
 garbage-first heap   total 111616K, used 62628K [0x0000000080000000, 0x0000000100000000)
  region size 1024K, 1 young (1024K), 1 survivors (1024K)
 Metaspace       used 61598K, committed 62208K, reserved 1114112K
  class space    used 8374K, committed 8640K, reserved 1048576K
}
Event: 12.481 GC heap before
{Heap before GC invocations=22 (full 0):
 garbage-first heap   total 112640K, used 89252K [0x0000000080000000, 0x0000000100000000)
  region size 1024K, 27 young (27648K), 1 survivors (1024K)
 Metaspace       used 64382K, committed 64960K, reserved 1114112K
  class space    used 8782K, committed 9088K, reserved 1048576K
}
Event: 12.483 GC heap after
{Heap after GC invocations=23 (full 0):
 garbage-first heap   total 112640K, used 63537K [0x0000000080000000, 0x0000000100000000)
  region size 1024K, 2 young (2048K), 2 survivors (2048K)
 Metaspace       used 64382K, committed 64960K, reserved 1114112K
  class space    used 8782K, committed 9088K, reserved 1048576K
}
Event: 12.538 GC heap before
{Heap before GC invocations=23 (full 0):
 garbage-first heap   total 112640K, used 66609K [0x0000000080000000, 0x0000000100000000)
  region size 1024K, 5 young (5120K), 2 survivors (2048K)
 Metaspace       used 64662K, committed 65280K, reserved 1114112K
  class space    used 8826K, committed 9152K, reserved 1048576K
}
Event: 12.543 GC heap after
{Heap after GC invocations=24 (full 0):
 garbage-first heap   total 112640K, used 63198K [0x0000000080000000, 0x0000000100000000)
  region size 1024K, 1 young (1024K), 1 survivors (1024K)
 Metaspace       used 64662K, committed 65280K, reserved 1114112K
  class space    used 8826K, committed 9152K, reserved 1048576K
}
Event: 14.249 GC heap before
{Heap before GC invocations=24 (full 0):
 garbage-first heap   total 112640K, used 96990K [0x0000000080000000, 0x0000000100000000)
  region size 1024K, 28 young (28672K), 1 survivors (1024K)
 Metaspace       used 66770K, committed 67392K, reserved 1114112K
  class space    used 9102K, committed 9408K, reserved 1048576K
}
Event: 14.252 GC heap after
{Heap after GC invocations=25 (full 0):
 garbage-first heap   total 112640K, used 66828K [0x0000000080000000, 0x0000000100000000)
  region size 1024K, 4 young (4096K), 4 survivors (4096K)
 Metaspace       used 66770K, committed 67392K, reserved 1114112K
  class space    used 9102K, committed 9408K, reserved 1048576K
}
Event: 14.594 GC heap before
{Heap before GC invocations=26 (full 0):
 garbage-first heap   total 119808K, used 90380K [0x0000000080000000, 0x0000000100000000)
  region size 1024K, 27 young (27648K), 4 survivors (4096K)
 Metaspace       used 68533K, committed 69120K, reserved 1114112K
  class space    used 9325K, committed 9600K, reserved 1048576K
}
Event: 14.598 GC heap after
{Heap after GC invocations=27 (full 0):
 garbage-first heap   total 119808K, used 68314K [0x0000000080000000, 0x0000000100000000)
  region size 1024K, 2 young (2048K), 2 survivors (2048K)
 Metaspace       used 68533K, committed 69120K, reserved 1114112K
  class space    used 9325K, committed 9600K, reserved 1048576K
}
Event: 14.649 GC heap before
{Heap before GC invocations=27 (full 0):
 garbage-first heap   total 119808K, used 71386K [0x0000000080000000, 0x0000000100000000)
  region size 1024K, 5 young (5120K), 2 survivors (2048K)
 Metaspace       used 68770K, committed 69376K, reserved 1114112K
  class space    used 9355K, committed 9664K, reserved 1048576K
}
Event: 14.676 GC heap after
{Heap after GC invocations=28 (full 0):
 garbage-first heap   total 150528K, used 68287K [0x0000000080000000, 0x0000000100000000)
  region size 1024K, 1 young (1024K), 1 survivors (1024K)
 Metaspace       used 68770K, committed 69376K, reserved 1114112K
  class space    used 9355K, committed 9664K, reserved 1048576K
}

