# JRE version: OpenJDK Runtime Environment (21.0.3) (build 21.0.3+-12282718-b509.11)
# Java VM: OpenJDK 64-Bit Server VM (21.0.3+-12282718-b509.11, mixed mode, tiered, compressed oops, compressed class ptrs, g1 gc, windows-amd64)
GC Precious Log:
 CardTable entry size: 512
 Card Set container configuration: InlinePtr #cards 5 size 8 Array Of Cards #cards 12 size 40 Howl #buckets 4 coarsen threshold 1843 Howl Bitmap #cards 512 size 80 coarsen threshold 460 Card regions per heap region 1 cards per card region 2048
 CPUs: 8 total, 8 available
 Memory: 16167M
 Large Page Support: Disabled
 NUMA Support: Disabled
 Compressed Oops: Enabled (32-bit)
 Heap Region Size: 1M
 Heap Min Capacity: 8M
 Heap Initial Capacity: 254M
 Heap Max Capacity: 2G
 Pre-touch: Disabled
 Parallel Workers: 8
 Concurrent Workers: 2
 Concurrent Refinement Workers: 8
 Periodic GC: Disabled
Heap:
 garbage-first heap   total 254976K, used 203685K [0x0000000080000000, 0x0000000100000000)
  region size 1024K, 83 young (84992K), 15 survivors (15360K)
 Metaspace       used 115588K, committed 117824K, reserved 1179648K
  class space    used 15962K, committed 17088K, reserved 1048576K
GC Heap History (20 events):
Event: 11.688 GC heap before
{Heap before GC invocations=29 (full 0):
 garbage-first heap   total 175104K, used 158024K [0x0000000080000000, 0x0000000100000000)
  region size 1024K, 68 young (69632K), 4 survivors (4096K)
 Metaspace       used 96781K, committed 98752K, reserved 1179648K
  class space    used 13400K, committed 14400K, reserved 1048576K
}
Event: 11.694 GC heap after
{Heap after GC invocations=30 (full 0):
 garbage-first heap   total 175104K, used 95228K [0x0000000080000000, 0x0000000100000000)
  region size 1024K, 6 young (6144K), 6 survivors (6144K)
 Metaspace       used 96781K, committed 98752K, reserved 1179648K
  class space    used 13400K, committed 14400K, reserved 1048576K
}
Event: 12.314 GC heap before
{Heap before GC invocations=31 (full 0):
 garbage-first heap   total 175104K, used 158716K [0x0000000080000000, 0x0000000100000000)
  region size 1024K, 68 young (69632K), 6 survivors (6144K)
 Metaspace       used 102512K, committed 104512K, reserved 1179648K
  class space    used 14229K, committed 15232K, reserved 1048576K
}
Event: 12.322 GC heap after
{Heap after GC invocations=32 (full 0):
 garbage-first heap   total 175104K, used 98791K [0x0000000080000000, 0x0000000100000000)
  region size 1024K, 7 young (7168K), 7 survivors (7168K)
 Metaspace       used 102512K, committed 104512K, reserved 1179648K
  class space    used 14229K, committed 15232K, reserved 1048576K
}
Event: 12.942 GC heap before
{Heap before GC invocations=32 (full 0):
 garbage-first heap   total 175104K, used 157159K [0x0000000080000000, 0x0000000100000000)
  region size 1024K, 64 young (65536K), 7 survivors (7168K)
 Metaspace       used 106592K, committed 108672K, reserved 1179648K
  class space    used 14836K, committed 15872K, reserved 1048576K
}
Event: 12.952 GC heap after
{Heap after GC invocations=33 (full 0):
 garbage-first heap   total 175104K, used 102246K [0x0000000080000000, 0x0000000100000000)
  region size 1024K, 8 young (8192K), 8 survivors (8192K)
 Metaspace       used 106592K, committed 108672K, reserved 1179648K
  class space    used 14836K, committed 15872K, reserved 1048576K
}
Event: 13.639 GC heap before
{Heap before GC invocations=33 (full 0):
 garbage-first heap   total 175104K, used 156518K [0x0000000080000000, 0x0000000100000000)
  region size 1024K, 61 young (62464K), 8 survivors (8192K)
 Metaspace       used 107277K, committed 109376K, reserved 1179648K
  class space    used 14891K, committed 15936K, reserved 1048576K
}
Event: 13.652 GC heap after
{Heap after GC invocations=34 (full 0):
 garbage-first heap   total 175104K, used 109750K [0x0000000080000000, 0x0000000100000000)
  region size 1024K, 8 young (8192K), 8 survivors (8192K)
 Metaspace       used 107277K, committed 109376K, reserved 1179648K
  class space    used 14891K, committed 15936K, reserved 1048576K
}
Event: 13.851 GC heap before
{Heap before GC invocations=35 (full 0):
 garbage-first heap   total 211968K, used 154806K [0x0000000080000000, 0x0000000100000000)
  region size 1024K, 52 young (53248K), 8 survivors (8192K)
 Metaspace       used 107424K, committed 109504K, reserved 1179648K
  class space    used 14892K, committed 15936K, reserved 1048576K
}
Event: 13.858 GC heap after
{Heap after GC invocations=36 (full 0):
 garbage-first heap   total 211968K, used 111521K [0x0000000080000000, 0x0000000100000000)
  region size 1024K, 4 young (4096K), 4 survivors (4096K)
 Metaspace       used 107424K, committed 109504K, reserved 1179648K
  class space    used 14892K, committed 15936K, reserved 1048576K
}
Event: 14.277 GC heap before
{Heap before GC invocations=36 (full 0):
 garbage-first heap   total 211968K, used 192417K [0x0000000080000000, 0x0000000100000000)
  region size 1024K, 84 young (86016K), 4 survivors (4096K)
 Metaspace       used 108166K, committed 110272K, reserved 1179648K
  class space    used 15012K, committed 16064K, reserved 1048576K
}
Event: 14.284 GC heap after
{Heap after GC invocations=37 (full 0):
 garbage-first heap   total 211968K, used 114131K [0x0000000080000000, 0x0000000100000000)
  region size 1024K, 9 young (9216K), 9 survivors (9216K)
 Metaspace       used 108166K, committed 110272K, reserved 1179648K
  class space    used 15012K, committed 16064K, reserved 1048576K
}
Event: 14.615 GC heap before
{Heap before GC invocations=37 (full 0):
 garbage-first heap   total 211968K, used 188883K [0x0000000080000000, 0x0000000100000000)
  region size 1024K, 83 young (84992K), 9 survivors (9216K)
 Metaspace       used 108462K, committed 110528K, reserved 1179648K
  class space    used 15049K, committed 16064K, reserved 1048576K
}
Event: 14.624 GC heap after
{Heap after GC invocations=38 (full 0):
 garbage-first heap   total 254976K, used 117218K [0x0000000080000000, 0x0000000100000000)
  region size 1024K, 7 young (7168K), 7 survivors (7168K)
 Metaspace       used 108462K, committed 110528K, reserved 1179648K
  class space    used 15049K, committed 16064K, reserved 1048576K
}
Event: 15.539 GC heap before
{Heap before GC invocations=39 (full 0):
 garbage-first heap   total 254976K, used 224738K [0x0000000080000000, 0x0000000100000000)
  region size 1024K, 113 young (115712K), 7 survivors (7168K)
 Metaspace       used 112077K, committed 114176K, reserved 1179648K
  class space    used 15523K, committed 16576K, reserved 1048576K
}
Event: 15.551 GC heap after
{Heap after GC invocations=40 (full 0):
 garbage-first heap   total 254976K, used 122463K [0x0000000080000000, 0x0000000100000000)
  region size 1024K, 12 young (12288K), 12 survivors (12288K)
 Metaspace       used 112077K, committed 114176K, reserved 1179648K
  class space    used 15523K, committed 16576K, reserved 1048576K
}
Event: 35.166 GC heap before
{Heap before GC invocations=40 (full 0):
 garbage-first heap   total 254976K, used 227935K [0x0000000080000000, 0x0000000100000000)
  region size 1024K, 115 young (117760K), 12 survivors (12288K)
 Metaspace       used 114295K, committed 116480K, reserved 1179648K
  class space    used 15899K, committed 17024K, reserved 1048576K
}
Event: 35.181 GC heap after
{Heap after GC invocations=41 (full 0):
 garbage-first heap   total 254976K, used 124856K [0x0000000080000000, 0x0000000100000000)
  region size 1024K, 12 young (12288K), 12 survivors (12288K)
 Metaspace       used 114295K, committed 116480K, reserved 1179648K
  class space    used 15899K, committed 17024K, reserved 1048576K
}
Event: 396.718 GC heap before
{Heap before GC invocations=41 (full 0):
 garbage-first heap   total 254976K, used 227256K [0x0000000080000000, 0x0000000100000000)
  region size 1024K, 113 young (115712K), 12 survivors (12288K)
 Metaspace       used 115189K, committed 117440K, reserved 1179648K
  class space    used 15935K, committed 17088K, reserved 1048576K
}
Event: 396.741 GC heap after
{Heap after GC invocations=42 (full 0):
 garbage-first heap   total 254976K, used 136101K [0x0000000080000000, 0x0000000100000000)
  region size 1024K, 15 young (15360K), 15 survivors (15360K)
 Metaspace       used 115189K, committed 117440K, reserved 1179648K
  class space    used 15935K, committed 17088K, reserved 1048576K
}

