# JRE version: OpenJDK Runtime Environment (21.0.3) (build 21.0.3+-12282718-b509.11)
# Java VM: OpenJDK 64-Bit Server VM (21.0.3+-12282718-b509.11, mixed mode, tiered, compressed oops, compressed class ptrs, g1 gc, windows-amd64)
GC Precious Log:
 CardTable entry size: 512
 Card Set container configuration: InlinePtr #cards 5 size 8 Array Of Cards #cards 12 size 40 Howl #buckets 4 coarsen threshold 1843 Howl Bitmap #cards 512 size 80 coarsen threshold 460 Card regions per heap region 1 cards per card region 2048
 CPUs: 8 total, 8 available
 Memory: 16167M
 Large Page Support: Disabled
 NUMA Support: Disabled
 Compressed Oops: Enabled (32-bit)
 Heap Region Size: 1M
 Heap Min Capacity: 8M
 Heap Initial Capacity: 254M
 Heap Max Capacity: 2G
 Pre-touch: Disabled
 Parallel Workers: 8
 Concurrent Workers: 2
 Concurrent Refinement Workers: 8
 Periodic GC: Disabled
Heap:
 garbage-first heap   total 436224K, used 354304K [0x0000000080000000, 0x0000000100000000)
  region size 1024K, 51 young (52224K), 14 survivors (14336K)
 Metaspace       used 134361K, committed 136640K, reserved 1179648K
  class space    used 18053K, committed 19200K, reserved 1048576K
GC Heap History (20 events):
Event: 22.591 GC heap before
{Heap before GC invocations=44 (full 0):
 garbage-first heap   total 275456K, used 256690K [0x0000000080000000, 0x0000000100000000)
  region size 1024K, 74 young (75776K), 6 survivors (6144K)
 Metaspace       used 115295K, committed 117440K, reserved 1179648K
  class space    used 15675K, committed 16768K, reserved 1048576K
}
Event: 22.599 GC heap after
{Heap after GC invocations=45 (full 0):
 garbage-first heap   total 275456K, used 160224K [0x0000000080000000, 0x0000000100000000)
  region size 1024K, 2 young (2048K), 2 survivors (2048K)
 Metaspace       used 115295K, committed 117440K, reserved 1179648K
  class space    used 15675K, committed 16768K, reserved 1048576K
}
Event: 22.892 GC heap before
{Heap before GC invocations=45 (full 0):
 garbage-first heap   total 275456K, used 239072K [0x0000000080000000, 0x0000000100000000)
  region size 1024K, 80 young (81920K), 2 survivors (2048K)
 Metaspace       used 117109K, committed 119296K, reserved 1179648K
  class space    used 15821K, committed 16960K, reserved 1048576K
}
Event: 22.900 GC heap after
{Heap after GC invocations=46 (full 0):
 garbage-first heap   total 275456K, used 174272K [0x0000000080000000, 0x0000000100000000)
  region size 1024K, 10 young (10240K), 10 survivors (10240K)
 Metaspace       used 117109K, committed 119296K, reserved 1179648K
  class space    used 15821K, committed 16960K, reserved 1048576K
}
Event: 23.397 GC heap before
{Heap before GC invocations=47 (full 0):
 garbage-first heap   total 312320K, used 239808K [0x0000000080000000, 0x0000000100000000)
  region size 1024K, 75 young (76800K), 10 survivors (10240K)
 Metaspace       used 119144K, committed 121344K, reserved 1179648K
  class space    used 16023K, committed 17152K, reserved 1048576K
}
Event: 23.411 GC heap after
{Heap after GC invocations=48 (full 0):
 garbage-first heap   total 312320K, used 180386K [0x0000000080000000, 0x0000000100000000)
  region size 1024K, 6 young (6144K), 6 survivors (6144K)
 Metaspace       used 119144K, committed 121344K, reserved 1179648K
  class space    used 16023K, committed 17152K, reserved 1048576K
}
Event: 24.010 GC heap before
{Heap before GC invocations=48 (full 0):
 garbage-first heap   total 312320K, used 274594K [0x0000000080000000, 0x0000000100000000)
  region size 1024K, 99 young (101376K), 6 survivors (6144K)
 Metaspace       used 120233K, committed 122368K, reserved 1179648K
  class space    used 16120K, committed 17216K, reserved 1048576K
}
Event: 24.020 GC heap after
{Heap after GC invocations=49 (full 0):
 garbage-first heap   total 374784K, used 159794K [0x0000000080000000, 0x0000000100000000)
  region size 1024K, 7 young (7168K), 7 survivors (7168K)
 Metaspace       used 120233K, committed 122368K, reserved 1179648K
  class space    used 16120K, committed 17216K, reserved 1048576K
}
Event: 25.502 GC heap before
{Heap before GC invocations=49 (full 0):
 garbage-first heap   total 374784K, used 325682K [0x0000000080000000, 0x0000000100000000)
  region size 1024K, 170 young (174080K), 7 survivors (7168K)
 Metaspace       used 123874K, committed 126080K, reserved 1179648K
  class space    used 16469K, committed 17600K, reserved 1048576K
}
Event: 25.513 GC heap after
{Heap after GC invocations=50 (full 0):
 garbage-first heap   total 374784K, used 166215K [0x0000000080000000, 0x0000000100000000)
  region size 1024K, 13 young (13312K), 13 survivors (13312K)
 Metaspace       used 123874K, committed 126080K, reserved 1179648K
  class space    used 16469K, committed 17600K, reserved 1048576K
}
Event: 26.354 GC heap before
{Heap before GC invocations=50 (full 0):
 garbage-first heap   total 374784K, used 340295K [0x0000000080000000, 0x0000000100000000)
  region size 1024K, 184 young (188416K), 13 survivors (13312K)
 Metaspace       used 125978K, committed 128128K, reserved 1179648K
  class space    used 16719K, committed 17792K, reserved 1048576K
}
Event: 26.368 GC heap after
{Heap after GC invocations=51 (full 0):
 garbage-first heap   total 374784K, used 172476K [0x0000000080000000, 0x0000000100000000)
  region size 1024K, 15 young (15360K), 15 survivors (15360K)
 Metaspace       used 125978K, committed 128128K, reserved 1179648K
  class space    used 16719K, committed 17792K, reserved 1048576K
}
Event: 26.860 GC heap before
{Heap before GC invocations=51 (full 0):
 garbage-first heap   total 374784K, used 309692K [0x0000000080000000, 0x0000000100000000)
  region size 1024K, 151 young (154624K), 15 survivors (15360K)
 Metaspace       used 126961K, committed 129152K, reserved 1179648K
  class space    used 16833K, committed 17984K, reserved 1048576K
}
Event: 26.874 GC heap after
{Heap after GC invocations=52 (full 0):
 garbage-first heap   total 374784K, used 177674K [0x0000000080000000, 0x0000000100000000)
  region size 1024K, 14 young (14336K), 14 survivors (14336K)
 Metaspace       used 126961K, committed 129152K, reserved 1179648K
  class space    used 16833K, committed 17984K, reserved 1048576K
}
Event: 27.645 GC heap before
{Heap before GC invocations=53 (full 0):
 garbage-first heap   total 374784K, used 373258K [0x0000000080000000, 0x0000000100000000)
  region size 1024K, 97 young (99328K), 14 survivors (14336K)
 Metaspace       used 131452K, committed 133696K, reserved 1179648K
  class space    used 17480K, committed 18624K, reserved 1048576K
}
Event: 27.665 GC heap after
{Heap after GC invocations=54 (full 0):
 garbage-first heap   total 412672K, used 263168K [0x0000000080000000, 0x0000000100000000)
  region size 1024K, 22 young (22528K), 22 survivors (22528K)
 Metaspace       used 131452K, committed 133696K, reserved 1179648K
  class space    used 17480K, committed 18624K, reserved 1048576K
}
Event: 28.235 GC heap before
{Heap before GC invocations=54 (full 0):
 garbage-first heap   total 412672K, used 374784K [0x0000000080000000, 0x0000000100000000)
  region size 1024K, 125 young (128000K), 22 survivors (22528K)
 Metaspace       used 131470K, committed 133696K, reserved 1179648K
  class space    used 17481K, committed 18624K, reserved 1048576K
}
Event: 28.277 GC heap after
{Heap after GC invocations=55 (full 0):
 garbage-first heap   total 436224K, used 283136K [0x0000000080000000, 0x0000000100000000)
  region size 1024K, 16 young (16384K), 16 survivors (16384K)
 Metaspace       used 131470K, committed 133696K, reserved 1179648K
  class space    used 17481K, committed 18624K, reserved 1048576K
}
Event: 28.757 GC heap before
{Heap before GC invocations=55 (full 0):
 garbage-first heap   total 436224K, used 376320K [0x0000000080000000, 0x0000000100000000)
  region size 1024K, 108 young (110592K), 16 survivors (16384K)
 Metaspace       used 134343K, committed 136576K, reserved 1179648K
  class space    used 18053K, committed 19200K, reserved 1048576K
}
Event: 28.807 GC heap after
{Heap after GC invocations=56 (full 0):
 garbage-first heap   total 436224K, used 322560K [0x0000000080000000, 0x0000000100000000)
  region size 1024K, 14 young (14336K), 14 survivors (14336K)
 Metaspace       used 134343K, committed 136576K, reserved 1179648K
  class space    used 18053K, committed 19200K, reserved 1048576K
}

