# JRE version: OpenJDK Runtime Environment (17.0.9) (build 17.0.9+0--11185874)
# Java VM: OpenJDK 64-Bit Server VM (17.0.9+0--11185874, mixed mode, tiered, compressed oops, compressed class ptrs, g1 gc, windows-amd64)
GC Precious Log:
 CPUs: 8 total, 8 available
 Memory: 16167M
 Large Page Support: Disabled
 NUMA Support: Disabled
 Compressed Oops: Enabled (32-bit)
 Heap Region Size: 1M
 Heap Min Capacity: 8M
 Heap Initial Capacity: 254M
 Heap Max Capacity: 2G
 Pre-touch: Disabled
 Parallel Workers: 8
 Concurrent Workers: 2
 Concurrent Refinement Workers: 8
 Periodic GC: Disabled
Heap:
 garbage-first heap   total 71680K, used 29165K [0x0000000080000000, 0x0000000100000000)
  region size 1024K, 3 young (3072K), 2 survivors (2048K)
 Metaspace       used 42156K, committed 42496K, reserved 1114112K
  class space    used 5593K, committed 5760K, reserved 1048576K
GC Heap History (16 events):
Event: 1.001 GC heap before
{Heap before GC invocations=0 (full 0):
 garbage-first heap   total 260096K, used 26624K [0x0000000080000000, 0x0000000100000000)
  region size 1024K, 23 young (23552K), 0 survivors (0K)
 Metaspace       used 10501K, committed 10624K, reserved 1114112K
  class space    used 1091K, committed 1152K, reserved 1048576K
}
Event: 1.005 GC heap after
{Heap after GC invocations=1 (full 0):
 garbage-first heap   total 260096K, used 10500K [0x0000000080000000, 0x0000000100000000)
  region size 1024K, 3 young (3072K), 3 survivors (3072K)
 Metaspace       used 10501K, committed 10624K, reserved 1114112K
  class space    used 1091K, committed 1152K, reserved 1048576K
}
Event: 1.354 GC heap before
{Heap before GC invocations=1 (full 0):
 garbage-first heap   total 260096K, used 40196K [0x0000000080000000, 0x0000000100000000)
  region size 1024K, 31 young (31744K), 3 survivors (3072K)
 Metaspace       used 11458K, committed 11648K, reserved 1114112K
  class space    used 1198K, committed 1280K, reserved 1048576K
}
Event: 1.357 GC heap after
{Heap after GC invocations=2 (full 0):
 garbage-first heap   total 260096K, used 12461K [0x0000000080000000, 0x0000000100000000)
  region size 1024K, 2 young (2048K), 2 survivors (2048K)
 Metaspace       used 11458K, committed 11648K, reserved 1114112K
  class space    used 1198K, committed 1280K, reserved 1048576K
}
Event: 2.548 GC heap before
{Heap before GC invocations=2 (full 0):
 garbage-first heap   total 260096K, used 56493K [0x0000000080000000, 0x0000000100000000)
  region size 1024K, 46 young (47104K), 2 survivors (2048K)
 Metaspace       used 21313K, committed 21504K, reserved 1114112K
  class space    used 2516K, committed 2624K, reserved 1048576K
}
Event: 2.555 GC heap after
{Heap after GC invocations=3 (full 0):
 garbage-first heap   total 260096K, used 19132K [0x0000000080000000, 0x0000000100000000)
  region size 1024K, 9 young (9216K), 9 survivors (9216K)
 Metaspace       used 21313K, committed 21504K, reserved 1114112K
  class space    used 2516K, committed 2624K, reserved 1048576K
}
Event: 3.199 GC heap before
{Heap before GC invocations=4 (full 0):
 garbage-first heap   total 71680K, used 51900K [0x0000000080000000, 0x0000000100000000)
  region size 1024K, 42 young (43008K), 9 survivors (9216K)
 Metaspace       used 26536K, committed 26816K, reserved 1114112K
  class space    used 3415K, committed 3520K, reserved 1048576K
}
Event: 3.207 GC heap after
{Heap after GC invocations=5 (full 0):
 garbage-first heap   total 71680K, used 21072K [0x0000000080000000, 0x0000000100000000)
  region size 1024K, 2 young (2048K), 2 survivors (2048K)
 Metaspace       used 26536K, committed 26816K, reserved 1114112K
  class space    used 3415K, committed 3520K, reserved 1048576K
}
Event: 3.853 GC heap before
{Heap before GC invocations=5 (full 0):
 garbage-first heap   total 71680K, used 49744K [0x0000000080000000, 0x0000000100000000)
  region size 1024K, 30 young (30720K), 2 survivors (2048K)
 Metaspace       used 30501K, committed 30720K, reserved 1114112K
  class space    used 4055K, committed 4160K, reserved 1048576K
}
Event: 3.856 GC heap after
{Heap after GC invocations=6 (full 0):
 garbage-first heap   total 71680K, used 22613K [0x0000000080000000, 0x0000000100000000)
  region size 1024K, 4 young (4096K), 4 survivors (4096K)
 Metaspace       used 30501K, committed 30720K, reserved 1114112K
  class space    used 4055K, committed 4160K, reserved 1048576K
}
Event: 4.425 GC heap before
{Heap before GC invocations=6 (full 0):
 garbage-first heap   total 71680K, used 51285K [0x0000000080000000, 0x0000000100000000)
  region size 1024K, 32 young (32768K), 4 survivors (4096K)
 Metaspace       used 33872K, committed 34176K, reserved 1114112K
  class space    used 4610K, committed 4736K, reserved 1048576K
}
Event: 4.429 GC heap after
{Heap after GC invocations=7 (full 0):
 garbage-first heap   total 71680K, used 23786K [0x0000000080000000, 0x0000000100000000)
  region size 1024K, 3 young (3072K), 3 survivors (3072K)
 Metaspace       used 33872K, committed 34176K, reserved 1114112K
  class space    used 4610K, committed 4736K, reserved 1048576K
}
Event: 4.726 GC heap before
{Heap before GC invocations=7 (full 0):
 garbage-first heap   total 71680K, used 31978K [0x0000000080000000, 0x0000000100000000)
  region size 1024K, 13 young (13312K), 3 survivors (3072K)
 Metaspace       used 35660K, committed 35968K, reserved 1114112K
  class space    used 4850K, committed 4992K, reserved 1048576K
}
Event: 4.729 GC heap after
{Heap after GC invocations=8 (full 0):
 garbage-first heap   total 71680K, used 24384K [0x0000000080000000, 0x0000000100000000)
  region size 1024K, 2 young (2048K), 2 survivors (2048K)
 Metaspace       used 35660K, committed 35968K, reserved 1114112K
  class space    used 4850K, committed 4992K, reserved 1048576K
}
Event: 5.550 GC heap before
{Heap before GC invocations=9 (full 0):
 garbage-first heap   total 71680K, used 54080K [0x0000000080000000, 0x0000000100000000)
  region size 1024K, 32 young (32768K), 2 survivors (2048K)
 Metaspace       used 40961K, committed 41280K, reserved 1114112K
  class space    used 5418K, committed 5568K, reserved 1048576K
}
Event: 5.556 GC heap after
{Heap after GC invocations=10 (full 0):
 garbage-first heap   total 71680K, used 28043K [0x0000000080000000, 0x0000000100000000)
  region size 1024K, 4 young (4096K), 4 survivors (4096K)
 Metaspace       used 40961K, committed 41280K, reserved 1114112K
  class space    used 5418K, committed 5568K, reserved 1048576K
}

